Din transformare:
Starile obtinute sunt: 0 0-1 0-1-3-5 0-1-5 0-4 1 1-3 1-3-5 1-4 1-4-5 1-5 3 3-4 3-4-5 3-5 4 4-5 5 
Tranzitiile obtinute sunt: 
0 0-1 a
0 0 d
0 1-4 c
0-1 0-1-5 a
0-1 0 d
0-1 1-4-5 c
0-1 3-4 b
0-1-3-5 0-1-3-5 a
0-1-3-5 0-4 d
0-1-3-5 1-4-5 c
0-1-3-5 3-4-5 b
0-1-5 0-1-3-5 a
0-1-5 0 d
0-1-5 1-4-5 c
0-1-5 3-4-5 b
0-4 0-1 a
0-4 0-4 d
0-4 1-4 c
0-4 3 b
1 5 a
1 5 c
1 3-4 b
1-3 5 a
1-3 5 c
1-3 3-4 b
1-3 4 d
1-3-5 3-5 a
1-3-5 5 c
1-3-5 3-4-5 b
1-3-5 4 d
1-4 1-5 a
1-4 5 c
1-4 3-4 b
1-4 4 d
1-4-5 1-3-5 a
1-4-5 5 c
1-4-5 3-4-5 b
1-4-5 4 d
1-5 3-5 a
1-5 5 c
1-5 3-4-5 b
3 4 d
3-4 4 d
3-4 3 b
3-4 1 a
3-4-5 4 d
3-4-5 3-4-5 b
3-4-5 1-3 a
3-5 4 d
3-5 4-5 b
3-5 3 a
4 4 d
4 3 b
4 1 a
4-5 4 d
4-5 3-4-5 b
4-5 1-3 a
5 4-5 b
5 3 a
Starea initiala este: 0
Starile finale sunt: 3-4 0-1-3-5 3-4-5 1-3-5 3 3-5 1-3 


Din minimizare:
Starile obtinute sunt: q0 q1 q10 q11 q12 q13 q14 q15 q16 q17 q2 q3 q4 q5 q6 q7 q8 q9 
Tranzitiile obtinute sunt: 
q0 q1 a
q0 q0 d
q0 q2 c
q1 q3 a
q1 q0 d
q1 q4 c
q1 q5 b
q10 q8 d
q10 q10 b
q10 q17 a
q11 q14 a
q11 q7 c
q11 q10 b
q11 q8 d
q12 q8 d
q13 q7 a
q13 q7 c
q13 q5 b
q14 q8 d
q14 q15 b
q14 q12 a
q15 q8 d
q15 q10 b
q15 q17 a
q16 q1 a
q16 q16 d
q16 q2 c
q16 q12 b
q17 q7 a
q17 q7 c
q17 q5 b
q17 q8 d
q2 q6 a
q2 q7 c
q2 q5 b
q2 q8 d
q3 q9 a
q3 q0 d
q3 q4 c
q3 q10 b
q4 q11 a
q4 q7 c
q4 q10 b
q4 q8 d
q5 q8 d
q5 q12 b
q5 q13 a
q6 q14 a
q6 q7 c
q6 q10 b
q7 q15 b
q7 q12 a
q8 q8 d
q8 q12 b
q8 q13 a
q9 q9 a
q9 q16 d
q9 q4 c
q9 q10 b
Starea initiala este: q0
Starile finale sunt: q5 q9 q10 q11 q12 q14 q17 